0 info it worked if it ends with ok
1 verbose cli [ 'C:\\Program Files\\nodejs\\node.exe',
1 verbose cli   'C:\\Users\\user\\AppData\\Roaming\\npm\\node_modules\\npm\\bin\\npm-cli.js',
1 verbose cli   'start' ]
2 info using npm@3.10.5
3 info using node@v6.9.1
4 verbose run-script [ 'prestart', 'start', 'poststart' ]
5 info lifecycle opec@1.0.0~prestart: opec@1.0.0
6 silly lifecycle opec@1.0.0~prestart: no script for prestart, continuing
7 info lifecycle opec@1.0.0~start: opec@1.0.0
8 verbose lifecycle opec@1.0.0~start: unsafe-perm in lifecycle true
9 verbose lifecycle opec@1.0.0~start: PATH: C:\Users\user\AppData\Roaming\npm\node_modules\npm\bin\node-gyp-bin;E:\NodeJS\opec\node_modules\.bin;C:\Program Files\nodejs;C:\Program Files\SlickEdit Pro 20.0.1\win\;c:\MinGW\bin;c:\MinGW\libexec\gcc\x86_64-pc-mingw32\4.6.4;C:\Program Files\MongoDB\Server\3.0\bin;C:\ProgramData\Oracle\Java\javapath;C:\WINDOWS\system32;C:\WINDOWS;C:\WINDOWS\System32\Wbem;C:\WINDOWS\System32\WindowsPowerShell\v1.0\;C:\Program Files\TortoiseSVN\bin;C:\Program Files\Java\jdk1.8.0_45;C:\Program Files (x86)\Microsoft SQL Server\100\Tools\Binn\;C:\Program Files\Microsoft SQL Server\100\Tools\Binn\;C:\Program Files\Microsoft SQL Server\100\DTS\Binn\;C:\Program Files (x86)\Microsoft SQL Server\100\Tools\Binn\VSShell\Common7\IDE\;C:\Program Files (x86)\Microsoft Visual Studio 9.0\Common7\IDE\PrivateAssemblies\;C:\Program Files (x86)\Microsoft SQL Server\100\DTS\Binn\;C:\cygwin64\bin;C:\Python34;C:\Program Files (x86)\Skype\Phone\;C:\Program Files\MongoDB\Server\3.2\bin;C:\Program Files\Git\cmd;C:\Program Files (x86)\Brackets\command;C:\Program Files\nodejs\;C:\Ruby22-x64\bin;C:\Users\user\AppData\Local\Microsoft\WindowsApps;C:\Users\user\AppData\Roaming\npm
10 verbose lifecycle opec@1.0.0~start: CWD: E:\NodeJS\opec
11 silly lifecycle opec@1.0.0~start: Args: [ '/d /s /c', 'node server.js' ]
12 silly lifecycle opec@1.0.0~start: Returned: code: 1  signal: null
13 info lifecycle opec@1.0.0~start: Failed to exec start script
14 verbose stack Error: opec@1.0.0 start: `node server.js`
14 verbose stack Exit status 1
14 verbose stack     at EventEmitter.<anonymous> (C:\Users\user\AppData\Roaming\npm\node_modules\npm\lib\utils\lifecycle.js:242:16)
14 verbose stack     at emitTwo (events.js:106:13)
14 verbose stack     at EventEmitter.emit (events.js:191:7)
14 verbose stack     at ChildProcess.<anonymous> (C:\Users\user\AppData\Roaming\npm\node_modules\npm\lib\utils\spawn.js:40:14)
14 verbose stack     at emitTwo (events.js:106:13)
14 verbose stack     at ChildProcess.emit (events.js:191:7)
14 verbose stack     at maybeClose (internal/child_process.js:877:16)
14 verbose stack     at Process.ChildProcess._handle.onexit (internal/child_process.js:226:5)
15 verbose pkgid opec@1.0.0
16 verbose cwd E:\NodeJS\opec
17 error Windows_NT 10.0.14393
18 error argv "C:\\Program Files\\nodejs\\node.exe" "C:\\Users\\user\\AppData\\Roaming\\npm\\node_modules\\npm\\bin\\npm-cli.js" "start"
19 error node v6.9.1
20 error npm  v3.10.5
21 error code ELIFECYCLE
22 error opec@1.0.0 start: `node server.js`
22 error Exit status 1
23 error Failed at the opec@1.0.0 start script 'node server.js'.
23 error Make sure you have the latest version of node.js and npm installed.
23 error If you do, this is most likely a problem with the opec package,
23 error not with npm itself.
23 error Tell the author that this fails on your system:
23 error     node server.js
23 error You can get information on how to open an issue for this project with:
23 error     npm bugs opec
23 error Or if that isn't available, you can get their info via:
23 error     npm owner ls opec
23 error There is likely additional logging output above.
24 verbose exit [ 1, true ]
